<?xml version="1.0" encoding="UTF-8" ?>
<testsuites errors="0"
            failures="1"
            tests="1">

  <testsuite name="send.spec"
    errors="0" failures="1" hostname="" id="" package="send.spec" skipped="0"
    tests="1" time="7.806" timestamp="">
  
    <testcase name="Send Action" classname="send.spec" time="7.806" assertions="1">  <failure message="Timed out while waiting for element &lt;.total-atoms__value&gt; to be present for 5000 milliseconds. - expected [0;32m&#34;visible&#34;[0m but got: [0;31m&#34;not found&#34;[0m">    at Object.Send Action (C:\Users\Fabo\Documents\Entwicklung\voyager\test\e2e\send.spec.js:11:8)
    at process._tickCallback (internal/process/next_tick.js:68:7)</failure>

    <failure message="    at Object.Send Action (C:\Users\Fabo\Documents\Entwicklung\voyager\test\e2e\send.spec.js:11:8)">    at process._tickCallback (internal/process/next_tick.js:68:7)</failure>
    </testcase>
  

  

  
  </testsuite>
</testsuites>
